[INFO] --- compiler:3.8.1:testCompile (default-testCompile) @ JtSpringProject ---
[INFO] Changes detected - recompiling the module!
[INFO] Compiling 5 source files to /home/runner/work/E-commerce-project-springBoot/E-commerce-project-springBoot/JtProject/target/test-classes
[INFO] Some messages have been simplified; recompile with -Xdiags:verbose to get full output
[INFO] -------------------------------------------------------------
Error:  COMPILATION ERROR : 
[INFO] -------------------------------------------------------------
Error:  /home/runner/work/E-commerce-project-springBoot/E-commerce-project-springBoot/JtProject/src/test/java/com/jtspringproject/JtSpringProject/JtSpringProjectApplicationTest.java:[20,6] cannot find symbol
  symbol:   class Mock
  location: class com.jtspringproject.JtSpringProject.JtSpringProjectApplicationTest
Error:  /home/runner/work/E-commerce-project-springBoot/E-commerce-project-springBoot/JtProject/src/test/java/com/jtspringproject/JtSpringProject/JtSpringProjectApplicationTest.java:[26,14] cannot find symbol
  symbol:   class MockedStatic
  location: class com.jtspringproject.JtSpringProject.JtSpringProjectApplicationTest
Error:  /home/runner/work/E-commerce-project-springBoot/E-commerce-project-springBoot/JtProject/src/test/java/com/jtspringproject/JtSpringProject/services/productServiceTest.java:[46,30] incompatible types: possible lossy conversion from double to int
Error:  /home/runner/work/E-commerce-project-springBoot/E-commerce-project-springBoot/JtProject/src/test/java/com/jtspringproject/JtSpringProject/services/productServiceTest.java:[47,33] incompatible types: java.lang.String cannot be converted to com.jtspringproject.JtSpringProject.models.Category
[INFO] 4 errors 
[INFO] -------------------------------------------------------------
[INFO] ------------------------------------------------------------------------
[INFO] BUILD FAILURE
[INFO] ------------------------------------------------------------------------
[INFO] Total time:  11.096 s
[INFO] Finished at: 2025-09-13T17:24:04Z
[INFO] ------------------------------------------------------------------------
Error:  Failed to execute goal org.apache.maven.plugins:maven-compiler-plugin:3.8.1:testCompile (default-testCompile) on project JtSpringProject: Compilation failure: Compilation failure: 
Error:  /home/runner/work/E-commerce-project-springBoot/E-commerce-project-springBoot/JtProject/src/test/java/com/jtspringproject/JtSpringProject/JtSpringProjectApplicationTest.java:[20,6] cannot find symbol
Error:    symbol:   class Mock
Error:    location: class com.jtspringproject.JtSpringProject.JtSpringProjectApplicationTest
Error:  /home/runner/work/E-commerce-project-springBoot/E-commerce-project-springBoot/JtProject/src/test/java/com/jtspringproject/JtSpringProject/JtSpringProjectApplicationTest.java:[26,14] cannot find symbol
Error:    symbol:   class MockedStatic
Error:    location: class com.jtspringproject.JtSpringProject.JtSpringProjectApplicationTest
Error:  /home/runner/work/E-commerce-project-springBoot/E-commerce-project-springBoot/JtProject/src/test/java/com/jtspringproject/JtSpringProject/services/productServiceTest.java:[46,30] incompatible types: possible lossy conversion from double to int
Error:  /home/runner/work/E-commerce-project-springBoot/E-commerce-project-springBoot/JtProject/src/test/java/com/jtspringproject/JtSpringProject/services/productServiceTest.java:[47,33] incompatible types: java.lang.String cannot be converted to com.jtspringproject.JtSpringProject.models.Category
Error:  -> [Help 1]
Error:  
Error:  To see the full stack trace of the errors, re-run Maven with the -e switch.
Error:  Re-run Maven using the -X switch to enable full debug logging.
Error:  
Error:  For more information about the errors and possible solutions, please read the following articles:
Error:  [Help 1] http://cwiki.apache.org/confluence/display/MAVEN/MojoFailureException
⚠️ Some tests failed, continuing with error-driven iteration
✅ Maven tests completed
Run echo "🔄 Starting error-driven test improvement..."
🔄 Starting error-driven test improvement...
🔄 Starting error-driven test improvement...
🎯 Error iteration focusing on 5 changed files only
Found 5 Java source files
🔄 Iteration 1/5
🧪 Running Maven tests...
❌ Tests failing with 12 error(s)
🔍 Error details:
  Error 1: [INFO] -------------------------------------------------------------
Error:  COMPILATION ERROR : 
[INFO] -------------------------------------------------------------...
  Error 2: [INFO] -------------------------------------------------------------
Error:  /home/runner/work/E-commerce-project-springBoot/E-commerce-project-springBoot/JtProject/src/test/java/com/jtspringproject/J...
  Error 3:   location: class com.jtspringproject.JtSpringProject.JtSpringProjectApplicationTest
Error:  /home/runner/work/E-commerce-project-springBoot/E-commerce-project-springBoot/JtProject/src/test/java/com/j...
📝 Processing JtSpringProjectApplication.java -> JtSpringProjectApplicationTest.java
🔧 Generating improved test for /home/runner/work/E-commerce-project-springBoot/E-commerce-project-springBoot/JtProject/src/main/java/com/jtspringproject/JtSpringProject/JtSpringProjectApplication.java based on errors...
🔍 Captured 12 total errors, 6 relevant to JtSpringProjectApplication.java:
  Relevant Error 1: [INFO] -------------------------------------------------------------
Error:  /home/runner/work/E-commerce-project-springBoot/E-commerce-project-springBoot/JtProject/src/test/java/com/jtspringproject/J...
  Relevant Error 2:   location: class com.jtspringproject.JtSpringProject.JtSpringProjectApplicationTest
Error:  /home/runner/work/E-commerce-project-springBoot/E-commerce-project-springBoot/JtProject/src/test/java/com/j...
  Relevant Error 3: [INFO] ------------------------------------------------------------------------
Error:  Failed to execute goal org.apache.maven.plugins:maven-compiler-plugin:3.8.1:testCompile (default-testCompile) on...
Error: ant Error 4: [ERROR] Failed to execute goal org.apache.maven.plugins:maven-compiler-plugin:3.8.1:testCompile (default-testCompile) on project JtSpringProject: Compilation failure: Compilation failure: 
Error:  /ho...
Error: ant Error 5: [ERROR]   symbol:   class Mock
Error:    location: class com.jtspringproject.JtSpringProject.JtSpringProjectApplicationTest
Error:  /home/runner/work/E-commerce-project-springBoot/E-commerce-project-s...
Error: ant Error 6: [ERROR]   location: class com.jtspringproject.JtSpringProject.JtSpringProjectApplicationTest
Error:  /home/runner/work/E-commerce-project-springBoot/E-commerce-project-springBoot/JtProject/src/test/ja...
🤖 AI will receive error feedback of length: 2203 characters
🤖 First 500 chars of error feedback: [INFO] -------------------------------------------------------------
Error:  /home/runner/work/E-commerce-project-springBoot/E-commerce-project-springBoot/JtProject/src/test/java/com/jtspringproject/JtSpringProject/JtSpringProjectApplicationTest.java:[20,6] cannot find symbol
  symbol:   class Mock
  location: class com.jtspringproject.JtSpringProject.JtSpringProjectApplicationTest
Error:  /home/runner/work/E-commerce-project-springBoot/E-commerce-project-springBoot/JtProject/src/test/java/com/j...
🤖 Calling generate_tests.py with enhanced prompt...
🤖 Enhanced prompt length: 6108 characters
Error generating test with enhanced prompt: JavaContextAnalyzer.generate_comprehensive_context() missing 1 required positional argument: 'java_file'
🤖 Generate test success: False
❌ Failed to generate test for JtSpringProjectApplication.java
📝 Processing Category.java -> CategoryTest.java
🔧 Generating improved test for /home/runner/work/E-commerce-project-springBoot/E-commerce-project-springBoot/JtProject/src/main/java/com/jtspringproject/JtSpringProject/models/Category.java based on errors...
🔍 Captured 12 total errors, 12 relevant to Category.java:
  Relevant Error 1: [INFO] -------------------------------------------------------------
Error:  COMPILATION ERROR : 
[INFO] -------------------------------------------------------------...
  Relevant Error 2: [INFO] -------------------------------------------------------------
Error:  /home/runner/work/E-commerce-project-springBoot/E-commerce-project-springBoot/JtProject/src/test/java/com/jtspringproject/J...
  Relevant Error 3:   location: class com.jtspringproject.JtSpringProject.JtSpringProjectApplicationTest
Error:  /home/runner/work/E-commerce-project-springBoot/E-commerce-project-springBoot/JtProject/src/test/java/com/j...
  Relevant Error 4:   location: class com.jtspringproject.JtSpringProject.JtSpringProjectApplicationTest
Error:  /home/runner/work/E-commerce-project-springBoot/E-commerce-project-springBoot/JtProject/src/test/java/com/j...
Error: ant Error 5: [ERROR] /home/runner/work/E-commerce-project-springBoot/E-commerce-project-springBoot/JtProject/src/test/java/com/jtspringproject/JtSpringProject/services/productServiceTest.java:[46,30] incompatible ...
  Relevant Error 6: [INFO] ------------------------------------------------------------------------
Error:  Failed to execute goal org.apache.maven.plugins:maven-compiler-plugin:3.8.1:testCompile (default-testCompile) on...
Error: ant Error 7: [ERROR] Failed to execute goal org.apache.maven.plugins:maven-compiler-plugin:3.8.1:testCompile (default-testCompile) on project JtSpringProject: Compilation failure: Compilation failure: 
Error:  /ho...
Error: ant Error 8: [ERROR]   symbol:   class Mock
Error:    location: class com.jtspringproject.JtSpringProject.JtSpringProjectApplicationTest
Error:  /home/runner/work/E-commerce-project-springBoot/E-commerce-project-s...
Error: ant Error 9: [ERROR]   location: class com.jtspringproject.JtSpringProject.JtSpringProjectApplicationTest
Error:  /home/runner/work/E-commerce-project-springBoot/E-commerce-project-springBoot/JtProject/src/test/ja...
Error: ant Error 10: [ERROR]   symbol:   class MockedStatic
Error:    location: class com.jtspringproject.JtSpringProject.JtSpringProjectApplicationTest
Error:  /home/runner/work/E-commerce-project-springBoot/E-commerce-p...
Error: ant Error 11: [ERROR]   location: class com.jtspringproject.JtSpringProject.JtSpringProjectApplicationTest
Error:  /home/runner/work/E-commerce-project-springBoot/E-commerce-project-springBoot/JtProject/src/test/ja...
Error: ant Error 12: [ERROR] /home/runner/work/E-commerce-project-springBoot/E-commerce-project-springBoot/JtProject/src/test/java/com/jtspringproject/JtSpringProject/services/productServiceTest.java:[46,30] incompatible ...
🤖 AI will receive error feedback of length: 5173 characters
🤖 First 500 chars of error feedback: [INFO] -------------------------------------------------------------
Error:  COMPILATION ERROR : 
[INFO] -------------------------------------------------------------
[INFO] -------------------------------------------------------------
Error:  /home/runner/work/E-commerce-project-springBoot/E-commerce-project-springBoot/JtProject/src/test/java/com/jtspringproject/JtSpringProject/JtSpringProjectApplicationTest.java:[20,6] cannot find symbol
  symbol:   class Mock
  location: class com.jtspringpro...
🤖 Calling generate_tests.py with enhanced prompt...
🤖 Enhanced prompt length: 8928 characters
Error generating test with enhanced prompt: JavaContextAnalyzer.generate_comprehensive_context() missing 1 required positional argument: 'java_file'
🤖 Generate test success: False
❌ Failed to generate test for Category.java
📝 Processing categoryService.java -> categoryServiceTest.java
🔧 Generating improved test for /home/runner/work/E-commerce-project-springBoot/E-commerce-project-springBoot/JtProject/src/main/java/com/jtspringproject/JtSpringProject/services/categoryService.java based on errors...
🔍 Captured 12 total errors, 12 relevant to categoryService.java:
  Relevant Error 1: [INFO] -------------------------------------------------------------
Error:  COMPILATION ERROR : 
[INFO] -------------------------------------------------------------...
  Relevant Error 2: [INFO] -------------------------------------------------------------
Error:  /home/runner/work/E-commerce-project-springBoot/E-commerce-project-springBoot/JtProject/src/test/java/com/jtspringproject/J...
  Relevant Error 3:   location: class com.jtspringproject.JtSpringProject.JtSpringProjectApplicationTest
Error:  /home/runner/work/E-commerce-project-springBoot/E-commerce-project-springBoot/JtProject/src/test/java/com/j...
  Relevant Error 4:   location: class com.jtspringproject.JtSpringProject.JtSpringProjectApplicationTest
Error:  /home/runner/work/E-commerce-project-springBoot/E-commerce-project-springBoot/JtProject/src/test/java/com/j...
Error: ant Error 5: [ERROR] /home/runner/work/E-commerce-project-springBoot/E-commerce-project-springBoot/JtProject/src/test/java/com/jtspringproject/JtSpringProject/services/productServiceTest.java:[46,30] incompatible ...
  Relevant Error 6: [INFO] ------------------------------------------------------------------------
Error:  Failed to execute goal org.apache.maven.plugins:maven-compiler-plugin:3.8.1:testCompile (default-testCompile) on...
Error: ant Error 7: [ERROR] Failed to execute goal org.apache.maven.plugins:maven-compiler-plugin:3.8.1:testCompile (default-testCompile) on project JtSpringProject: Compilation failure: Compilation failure: 
Error:  /ho...
Error: ant Error 8: [ERROR]   symbol:   class Mock
Error:    location: class com.jtspringproject.JtSpringProject.JtSpringProjectApplicationTest
Error:  /home/runner/work/E-commerce-project-springBoot/E-commerce-project-s...
Error: ant Error 9: [ERROR]   location: class com.jtspringproject.JtSpringProject.JtSpringProjectApplicationTest
Error:  /home/runner/work/E-commerce-project-springBoot/E-commerce-project-springBoot/JtProject/src/test/ja...
Error: ant Error 10: [ERROR]   symbol:   class MockedStatic
Error:    location: class com.jtspringproject.JtSpringProject.JtSpringProjectApplicationTest
Error:  /home/runner/work/E-commerce-project-springBoot/E-commerce-p...
Error: ant Error 11: [ERROR]   location: class com.jtspringproject.JtSpringProject.JtSpringProjectApplicationTest
Error:  /home/runner/work/E-commerce-project-springBoot/E-commerce-project-springBoot/JtProject/src/test/ja...
Error: ant Error 12: [ERROR] /home/runner/work/E-commerce-project-springBoot/E-commerce-project-springBoot/JtProject/src/test/java/com/jtspringproject/JtSpringProject/services/productServiceTest.java:[46,30] incompatible ...
🤖 AI will receive error feedback of length: 5173 characters
🤖 First 500 chars of error feedback: [INFO] -------------------------------------------------------------
Error:  COMPILATION ERROR : 
[INFO] -------------------------------------------------------------
[INFO] -------------------------------------------------------------
Error:  /home/runner/work/E-commerce-project-springBoot/E-commerce-project-springBoot/JtProject/src/test/java/com/jtspringproject/JtSpringProject/JtSpringProjectApplicationTest.java:[20,6] cannot find symbol
  symbol:   class Mock
  location: class com.jtspringpro...
🤖 Calling generate_tests.py with enhanced prompt...
🤖 Enhanced prompt length: 12179 characters
Error generating test with enhanced prompt: JavaContextAnalyzer.generate_comprehensive_context() missing 1 required positional argument: 'java_file'
🤖 Generate test success: False
❌ Failed to generate test for categoryService.java
📝 Processing productService.java -> productServiceTest.java
🔧 Generating improved test for /home/runner/work/E-commerce-project-springBoot/E-commerce-project-springBoot/JtProject/src/main/java/com/jtspringproject/JtSpringProject/services/productService.java based on errors...
🔍 Captured 12 total errors, 5 relevant to productService.java:
  Relevant Error 1:   location: class com.jtspringproject.JtSpringProject.JtSpringProjectApplicationTest
Error:  /home/runner/work/E-commerce-project-springBoot/E-commerce-project-springBoot/JtProject/src/test/java/com/j...
Error: ant Error 2: [ERROR] /home/runner/work/E-commerce-project-springBoot/E-commerce-project-springBoot/JtProject/src/test/java/com/jtspringproject/JtSpringProject/services/productServiceTest.java:[46,30] incompatible ...
Error: ant Error 3: [ERROR]   symbol:   class MockedStatic
Error:    location: class com.jtspringproject.JtSpringProject.JtSpringProjectApplicationTest
Error:  /home/runner/work/E-commerce-project-springBoot/E-commerce-p...
Error: ant Error 4: [ERROR]   location: class com.jtspringproject.JtSpringProject.JtSpringProjectApplicationTest
Error:  /home/runner/work/E-commerce-project-springBoot/E-commerce-project-springBoot/JtProject/src/test/ja...
Error: ant Error 5: [ERROR] /home/runner/work/E-commerce-project-springBoot/E-commerce-project-springBoot/JtProject/src/test/java/com/jtspringproject/JtSpringProject/services/productServiceTest.java:[46,30] incompatible ...
🤖 AI will receive error feedback of length: 2802 characters
🤖 First 500 chars of error feedback:   location: class com.jtspringproject.JtSpringProject.JtSpringProjectApplicationTest
Error:  /home/runner/work/E-commerce-project-springBoot/E-commerce-project-springBoot/JtProject/src/test/java/com/jtspringproject/JtSpringProject/services/productServiceTest.java:[46,30] incompatible types: possible lossy conversion from double to int
Error:  /home/runner/work/E-commerce-project-springBoot/E-commerce-project-springBoot/JtProject/src/test/java/com/jtspringproject/JtSpringProject/services/productS...
🤖 Calling generate_tests.py with enhanced prompt...
🤖 Enhanced prompt length: 9115 characters
Error generating test with enhanced prompt: JavaContextAnalyzer.generate_comprehensive_context() missing 1 required positional argument: 'java_file'
🤖 Generate test success: False
❌ Failed to generate test for productService.java
📝 Processing userService.java -> userServiceTest.java
🔧 Generating improved test for /home/runner/work/E-commerce-project-springBoot/E-commerce-project-springBoot/JtProject/src/main/java/com/jtspringproject/JtSpringProject/services/userService.java based on errors...
🔍 Captured 12 total errors, 12 relevant to userService.java:
  Relevant Error 1: [INFO] -------------------------------------------------------------
Error:  COMPILATION ERROR : 
[INFO] -------------------------------------------------------------...
  Relevant Error 2: [INFO] -------------------------------------------------------------
Error:  /home/runner/work/E-commerce-project-springBoot/E-commerce-project-springBoot/JtProject/src/test/java/com/jtspringproject/J...
  Relevant Error 3:   location: class com.jtspringproject.JtSpringProject.JtSpringProjectApplicationTest
Error:  /home/runner/work/E-commerce-project-springBoot/E-commerce-project-springBoot/JtProject/src/test/java/com/j...
  Relevant Error 4:   location: class com.jtspringproject.JtSpringProject.JtSpringProjectApplicationTest
Error:  /home/runner/work/E-commerce-project-springBoot/E-commerce-project-springBoot/JtProject/src/test/java/com/j...
Error: ant Error 5: [ERROR] /home/runner/work/E-commerce-project-springBoot/E-commerce-project-springBoot/JtProject/src/test/java/com/jtspringproject/JtSpringProject/services/productServiceTest.java:[46,30] incompatible ...
  Relevant Error 6: [INFO] ------------------------------------------------------------------------
Error:  Failed to execute goal org.apache.maven.plugins:maven-compiler-plugin:3.8.1:testCompile (default-testCompile) on...
Error: ant Error 7: [ERROR] Failed to execute goal org.apache.maven.plugins:maven-compiler-plugin:3.8.1:testCompile (default-testCompile) on project JtSpringProject: Compilation failure: Compilation failure: 
Error:  /ho...
Error: ant Error 8: [ERROR]   symbol:   class Mock
Error:    location: class com.jtspringproject.JtSpringProject.JtSpringProjectApplicationTest
Error:  /home/runner/work/E-commerce-project-springBoot/E-commerce-project-s...
Error: ant Error 9: [ERROR]   location: class com.jtspringproject.JtSpringProject.JtSpringProjectApplicationTest
Error:  /home/runner/work/E-commerce-project-springBoot/E-commerce-project-springBoot/JtProject/src/test/ja...
Error: ant Error 10: [ERROR]   symbol:   class MockedStatic
Error:    location: class com.jtspringproject.JtSpringProject.JtSpringProjectApplicationTest
Error:  /home/runner/work/E-commerce-project-springBoot/E-commerce-p...
Error: ant Error 11: [ERROR]   location: class com.jtspringproject.JtSpringProject.JtSpringProjectApplicationTest
Error:  /home/runner/work/E-commerce-project-springBoot/E-commerce-project-springBoot/JtProject/src/test/ja...
Error: ant Error 12: [ERROR] /home/runner/work/E-commerce-project-springBoot/E-commerce-project-springBoot/JtProject/src/test/java/com/jtspringproject/JtSpringProject/services/productServiceTest.java:[46,30] incompatible ...
🤖 AI will receive error feedback of length: 5173 characters
🤖 First 500 chars of error feedback: [INFO] -------------------------------------------------------------
Error:  COMPILATION ERROR : 
[INFO] -------------------------------------------------------------
[INFO] -------------------------------------------------------------
Error:  /home/runner/work/E-commerce-project-springBoot/E-commerce-project-springBoot/JtProject/src/test/java/com/jtspringproject/JtSpringProject/JtSpringProjectApplicationTest.java:[20,6] cannot find symbol
  symbol:   class Mock
  location: class com.jtspringpro...
🤖 Calling generate_tests.py with enhanced prompt...
🤖 Enhanced prompt length: 12790 characters
Error generating test with enhanced prompt: JavaContextAnalyzer.generate_comprehensive_context() missing 1 required positional argument: 'java_file'
🤖 Generate test success: False
❌ Failed to generate test for userService.java
❌ No tests could be improved this iteration
🧪 Running Maven tests...
📊 Final Results:
  Tests passing: ❌
  Coverage: 0.0% (target: 80.0%)
❌ Some tests still failing after error-driven iteration
Error: Process completed with exit code 1.